[32m2024-06-05 12:56:04 - INFO: Active users retrieved successfully - 1[0m
[32m2024-06-05 12:56:04 - INFO: Recent already in database - Au Revoir (feat. Sido) - for User: spotifyyanik[0m
[32m2024-06-05 12:56:04 - INFO: Recent already in database - Cabeza - for User: spotifyyanik[0m
[32m2024-06-05 12:56:04 - INFO: Recent already in database - Congratulations - for User: spotifyyanik[0m
[32m2024-06-05 12:56:04 - INFO: Recent already in database - Mac 11 - for User: spotifyyanik[0m
[32m2024-06-05 12:56:05 - INFO: Recent already in database - Que Si, Que No - Sunclub Radio Mix - for User: spotifyyanik[0m
[32m2024-06-05 12:56:05 - INFO: Recent already in database - Punto - for User: spotifyyanik[0m
[32m2024-06-05 12:56:05 - INFO: Recent already in database - petit frÃ¨re - for User: spotifyyanik[0m
[32m2024-06-05 12:56:05 - INFO: Recent already in database - Punto - for User: spotifyyanik[0m
[32m2024-06-05 12:56:05 - INFO: Recent already in database - Patient - for User: spotifyyanik[0m
[32m2024-06-05 12:56:05 - INFO: Recent already in database - Mittelmeer - for User: spotifyyanik[0m
[32m2024-06-05 12:56:05 - INFO: Recent already in database - Gata Only - for User: spotifyyanik[0m
[32m2024-06-05 12:56:05 - INFO: Recent already in database - Mittelmeer - for User: spotifyyanik[0m
[32m2024-06-05 12:56:05 - INFO: Recent already in database - Que Si, Que No - Sunclub Radio Mix - for User: spotifyyanik[0m
[32m2024-06-05 12:56:05 - INFO: Recent already in database - Verschwendete Zeit - for User: spotifyyanik[0m
[32m2024-06-05 12:56:06 - INFO: Recent already in database - Sommergewitter - for User: spotifyyanik[0m
[32m2024-06-05 12:56:06 - INFO: Recent already in database - Fieber - for User: spotifyyanik[0m
[32m2024-06-05 12:56:06 - INFO: Recent already in database - Mittelmeer - for User: spotifyyanik[0m
[32m2024-06-05 12:56:06 - INFO: Recent already in database - Punto - for User: spotifyyanik[0m
[32m2024-06-05 12:56:06 - INFO: Recent already in database - Go Flex - for User: spotifyyanik[0m
[32m2024-06-05 12:56:06 - INFO: Recent already in database - Go Flex - for User: spotifyyanik[0m
[32m2024-06-05 12:56:06 - INFO: Recent already in database - Fieber - for User: spotifyyanik[0m
[32m2024-06-05 12:56:06 - INFO: Recent already in database - MillionÃ¤r - for User: spotifyyanik[0m
[32m2024-06-05 12:56:06 - INFO: Recent already in database - BLUEBERRY YUM YUM - for User: spotifyyanik[0m
[32m2024-06-05 12:56:07 - INFO: Recent already in database - Verschwendete Zeit - for User: spotifyyanik[0m
[32m2024-06-05 12:56:07 - INFO: Recent already in database - wie du manchmal fehlst - for User: spotifyyanik[0m
[32m2024-06-05 12:56:07 - INFO: Recent already in database - Mittelmeer - for User: spotifyyanik[0m
[32m2024-06-05 12:56:07 - INFO: Recent already in database - Sommergewitter - for User: spotifyyanik[0m
[32m2024-06-05 12:56:07 - INFO: Recent already in database - Go Flex - for User: spotifyyanik[0m
[32m2024-06-05 12:56:07 - INFO: Recent already in database - Punto - for User: spotifyyanik[0m
[32m2024-06-05 12:56:07 - INFO: Recent already in database - Go Flex - for User: spotifyyanik[0m
[32m2024-06-05 12:56:07 - INFO: Recent already in database - Mittelmeer - for User: spotifyyanik[0m
[32m2024-06-05 12:56:07 - INFO: Recent already in database - Tempo - for User: spotifyyanik[0m
[32m2024-06-05 12:56:07 - INFO: Recent already in database - Quevedo: Bzrp Music Sessions, Vol. 52 - for User: spotifyyanik[0m
[32m2024-06-05 12:56:08 - INFO: Recent already in database - Onizuka - for User: spotifyyanik[0m
[32m2024-06-05 12:56:08 - INFO: Recent already in database - Fieber - for User: spotifyyanik[0m
[32m2024-06-05 12:56:08 - INFO: Recent already in database - Go Flex - for User: spotifyyanik[0m
[32m2024-06-05 12:56:08 - INFO: Recent already in database - Punto - for User: spotifyyanik[0m
[32m2024-06-05 12:56:08 - INFO: Recent already in database - Mittelmeer - for User: spotifyyanik[0m
[32m2024-06-05 12:56:08 - INFO: Recent already in database - Whip - for User: spotifyyanik[0m
[32m2024-06-05 12:56:08 - INFO: Recent already in database - SURVIE - for User: spotifyyanik[0m
[32m2024-06-05 12:56:08 - INFO: Recent already in database - Punto - for User: spotifyyanik[0m
[32m2024-06-05 12:56:08 - INFO: Recent already in database - MÃ©lanine - for User: spotifyyanik[0m
[32m2024-06-05 12:56:08 - INFO: Recent already in database - Punto - for User: spotifyyanik[0m
[32m2024-06-05 12:56:09 - INFO: Recent already in database - Atrevida - for User: spotifyyanik[0m
[32m2024-06-05 12:56:09 - INFO: Recent already in database - Mittelmeer - for User: spotifyyanik[0m
[32m2024-06-05 12:56:09 - INFO: Recent already in database - Verschwendete Zeit - for User: spotifyyanik[0m
[32m2024-06-05 12:56:09 - INFO: Recent already in database - Mittelmeer - for User: spotifyyanik[0m
[32m2024-06-05 12:56:09 - INFO: Recent already in database - Shallow - for User: spotifyyanik[0m
[32m2024-06-05 12:56:09 - INFO: Recent already in database - Mwaka Moon - Remix - for User: spotifyyanik[0m
[32m2024-06-05 12:56:09 - INFO: Recent already in database - La danse du roro - for User: spotifyyanik[0m
[32m2024-06-05 12:56:14 - INFO: Active users retrieved successfully - 1[0m
[32m2024-06-05 12:56:15 - INFO: Recent already in database - Au Revoir (feat. Sido) - for User: spotifyyanik[0m
[32m2024-06-05 12:56:15 - INFO: Recent already in database - Cabeza - for User: spotifyyanik[0m
[32m2024-06-05 12:56:15 - INFO: Recent already in database - Congratulations - for User: spotifyyanik[0m
[32m2024-06-05 12:56:15 - INFO: Recent already in database - Mac 11 - for User: spotifyyanik[0m
[32m2024-06-05 12:56:15 - INFO: Recent already in database - Que Si, Que No - Sunclub Radio Mix - for User: spotifyyanik[0m
[32m2024-06-05 12:56:15 - INFO: Recent already in database - Punto - for User: spotifyyanik[0m
[32m2024-06-05 12:56:15 - INFO: Active users retrieved successfully - 1[0m
[32m2024-06-05 12:56:15 - INFO: Recent already in database - petit frÃ¨re - for User: spotifyyanik[0m
[32m2024-06-05 12:56:16 - INFO: Recent already in database - Punto - for User: spotifyyanik[0m
[32m2024-06-05 12:56:16 - INFO: Songs retrieved successfully - 478[0m
[32m2024-06-05 12:56:16 - INFO: Recent already in database - Patient - for User: spotifyyanik[0m
[32m2024-06-05 12:56:16 - INFO: Recent already in database - Mittelmeer - for User: spotifyyanik[0m
[32m2024-06-05 12:56:16 - INFO: Recent already in database - Gata Only - for User: spotifyyanik[0m
[32m2024-06-05 12:56:16 - INFO: Playlist found: TOPMIX 14 Days[0m
[32m2024-06-05 12:56:16 - INFO: Recent already in database - Mittelmeer - for User: spotifyyanik[0m
[32m2024-06-05 12:56:16 - INFO: Recent already in database - Que Si, Que No - Sunclub Radio Mix - for User: spotifyyanik[0m
[32m2024-06-05 12:56:16 - INFO: Recent already in database - Verschwendete Zeit - for User: spotifyyanik[0m
[32m2024-06-05 12:56:16 - INFO: Recent already in database - Sommergewitter - for User: spotifyyanik[0m
[32m2024-06-05 12:56:16 - INFO: Recent already in database - Fieber - for User: spotifyyanik[0m
[32m2024-06-05 12:56:17 - INFO: Recent already in database - Mittelmeer - for User: spotifyyanik[0m
[32m2024-06-05 12:56:17 - INFO: Recent already in database - Punto - for User: spotifyyanik[0m
[32m2024-06-05 12:56:17 - INFO: Recent already in database - Go Flex - for User: spotifyyanik[0m
[32m2024-06-05 12:56:17 - INFO: Recent already in database - Go Flex - for User: spotifyyanik[0m
[32m2024-06-05 12:56:17 - INFO: Recent already in database - Fieber - for User: spotifyyanik[0m
[32m2024-06-05 12:56:17 - INFO: Recent already in database - MillionÃ¤r - for User: spotifyyanik[0m
[32m2024-06-05 12:56:17 - INFO: Recent already in database - BLUEBERRY YUM YUM - for User: spotifyyanik[0m
[32m2024-06-05 12:56:17 - INFO: Recent already in database - Verschwendete Zeit - for User: spotifyyanik[0m
[32m2024-06-05 12:56:17 - INFO: Recent already in database - wie du manchmal fehlst - for User: spotifyyanik[0m
[32m2024-06-05 12:56:18 - INFO: Recent already in database - Mittelmeer - for User: spotifyyanik[0m
[32m2024-06-05 12:56:18 - INFO: Recent already in database - Sommergewitter - for User: spotifyyanik[0m
[32m2024-06-05 12:56:18 - INFO: Recent already in database - Go Flex - for User: spotifyyanik[0m
[32m2024-06-05 12:56:18 - INFO: Recent already in database - Punto - for User: spotifyyanik[0m
[32m2024-06-05 12:56:18 - INFO: Recent already in database - Go Flex - for User: spotifyyanik[0m
[32m2024-06-05 12:56:18 - INFO: Recent already in database - Mittelmeer - for User: spotifyyanik[0m
[32m2024-06-05 12:56:18 - INFO: Recent already in database - Tempo - for User: spotifyyanik[0m
[32m2024-06-05 12:56:18 - INFO: Recent already in database - Quevedo: Bzrp Music Sessions, Vol. 52 - for User: spotifyyanik[0m
[32m2024-06-05 12:56:18 - INFO: Recent already in database - Onizuka - for User: spotifyyanik[0m
[32m2024-06-05 12:56:19 - INFO: Recent already in database - Fieber - for User: spotifyyanik[0m
[32m2024-06-05 12:56:19 - INFO: Recent already in database - Go Flex - for User: spotifyyanik[0m
[32m2024-06-05 12:56:19 - INFO: Recent already in database - Punto - for User: spotifyyanik[0m
[32m2024-06-05 12:56:19 - INFO: Recent already in database - Mittelmeer - for User: spotifyyanik[0m
[32m2024-06-05 12:56:19 - INFO: Recent already in database - Whip - for User: spotifyyanik[0m
[32m2024-06-05 12:56:19 - INFO: Recent already in database - SURVIE - for User: spotifyyanik[0m
[32m2024-06-05 12:56:19 - INFO: Recent already in database - Punto - for User: spotifyyanik[0m
[32m2024-06-05 12:56:19 - INFO: Recent already in database - MÃ©lanine - for User: spotifyyanik[0m
[32m2024-06-05 12:56:19 - INFO: Recent already in database - Punto - for User: spotifyyanik[0m
[32m2024-06-05 12:56:20 - INFO: Recent already in database - Atrevida - for User: spotifyyanik[0m
[32m2024-06-05 12:56:20 - INFO: Recent already in database - Mittelmeer - for User: spotifyyanik[0m
[32m2024-06-05 12:56:20 - INFO: Recent already in database - Verschwendete Zeit - for User: spotifyyanik[0m
[32m2024-06-05 12:56:20 - INFO: Recent already in database - Mittelmeer - for User: spotifyyanik[0m
[32m2024-06-05 12:56:20 - INFO: Recent already in database - Shallow - for User: spotifyyanik[0m
[32m2024-06-05 12:56:20 - INFO: Recent already in database - Mwaka Moon - Remix - for User: spotifyyanik[0m
[32m2024-06-05 12:56:20 - INFO: Recent already in database - La danse du roro - for User: spotifyyanik[0m
[32m2024-06-05 16:49:53 - INFO: Active users retrieved successfully - 1[0m
[32m2024-06-05 16:49:54 - INFO: Recent inserted successfully - Spacecar - for User: spotifyyanik[0m
[32m2024-06-05 16:49:54 - INFO: Recent inserted successfully - mietfrei - for User: spotifyyanik[0m
[32m2024-06-05 16:49:54 - INFO: Recent inserted successfully - SURVIE - for User: spotifyyanik[0m
[32m2024-06-05 16:49:54 - INFO: Recent inserted successfully - Mittelmeer - for User: spotifyyanik[0m
[32m2024-06-05 16:49:55 - INFO: Recent inserted successfully - Que Si, Que No - Sunclub Radio Mix - for User: spotifyyanik[0m
[32m2024-06-05 16:49:55 - INFO: Recent inserted successfully - Punto - for User: spotifyyanik[0m
[32m2024-06-05 16:49:55 - INFO: Recent already in database - Sin Ti - for User: spotifyyanik[0m
[32m2024-06-05 16:49:55 - INFO: Recent already in database - Sin Ti - for User: spotifyyanik[0m
[32m2024-06-05 16:49:55 - INFO: Recent already in database - Punto - for User: spotifyyanik[0m
[32m2024-06-05 16:49:55 - INFO: Recent already in database - T'abuses - for User: spotifyyanik[0m
[32m2024-06-05 16:49:55 - INFO: Recent already in database - Go Flex - for User: spotifyyanik[0m
[32m2024-06-05 16:49:55 - INFO: Recent already in database - Mittelmeer - for User: spotifyyanik[0m
[32m2024-06-05 16:49:55 - INFO: Recent already in database - Neymar - for User: spotifyyanik[0m
[32m2024-06-05 16:49:55 - INFO: Recent already in database - California Glow - for User: spotifyyanik[0m
[32m2024-06-05 16:49:56 - INFO: Recent already in database - RS5 - for User: spotifyyanik[0m
[32m2024-06-05 16:49:56 - INFO: Recent already in database - Doppel G - for User: spotifyyanik[0m
[32m2024-06-05 16:49:56 - INFO: Recent already in database - Frisch - for User: spotifyyanik[0m
[32m2024-06-05 16:49:56 - INFO: Recent already in database - Pleins phares - for User: spotifyyanik[0m
[32m2024-06-05 16:49:56 - INFO: Recent already in database - Drink Ist Kalt - for User: spotifyyanik[0m
[32m2024-06-05 16:49:56 - INFO: Recent already in database - Loin de moi - for User: spotifyyanik[0m
[32m2024-06-05 16:49:56 - INFO: Recent already in database - Ohne mein Team - for User: spotifyyanik[0m
[32m2024-06-05 16:49:56 - INFO: Recent already in database - Mac 11 - for User: spotifyyanik[0m
[32m2024-06-05 16:49:56 - INFO: Recent already in database - Party Sahne - for User: spotifyyanik[0m
[32m2024-06-05 16:49:57 - INFO: Recent already in database - BÃ©toile - for User: spotifyyanik[0m
[32m2024-06-05 16:49:57 - INFO: Recent already in database - Quevedo: Bzrp Music Sessions, Vol. 52 - for User: spotifyyanik[0m
[32m2024-06-05 16:49:57 - INFO: Recent already in database - Au Revoir (feat. Sido) - for User: spotifyyanik[0m
[32m2024-06-05 16:49:57 - INFO: Recent already in database - Cabeza - for User: spotifyyanik[0m
[32m2024-06-05 16:49:57 - INFO: Recent already in database - Congratulations - for User: spotifyyanik[0m
[32m2024-06-05 16:49:57 - INFO: Recent already in database - Mac 11 - for User: spotifyyanik[0m
[32m2024-06-05 16:49:57 - INFO: Recent already in database - Que Si, Que No - Sunclub Radio Mix - for User: spotifyyanik[0m
[32m2024-06-05 16:49:57 - INFO: Recent already in database - Punto - for User: spotifyyanik[0m
[32m2024-06-05 16:49:57 - INFO: Recent already in database - petit frÃ¨re - for User: spotifyyanik[0m
[32m2024-06-05 16:49:58 - INFO: Recent already in database - Punto - for User: spotifyyanik[0m
[32m2024-06-05 16:49:58 - INFO: Recent already in database - Patient - for User: spotifyyanik[0m
[32m2024-06-05 16:49:58 - INFO: Recent already in database - Mittelmeer - for User: spotifyyanik[0m
[32m2024-06-05 16:49:58 - INFO: Recent already in database - Gata Only - for User: spotifyyanik[0m
[32m2024-06-05 16:49:58 - INFO: Recent already in database - Mittelmeer - for User: spotifyyanik[0m
[32m2024-06-05 16:49:58 - INFO: Recent already in database - Que Si, Que No - Sunclub Radio Mix - for User: spotifyyanik[0m
[32m2024-06-05 16:49:58 - INFO: Recent already in database - Verschwendete Zeit - for User: spotifyyanik[0m
[32m2024-06-05 16:49:58 - INFO: Recent already in database - Sommergewitter - for User: spotifyyanik[0m
[32m2024-06-05 16:49:59 - INFO: Recent already in database - Fieber - for User: spotifyyanik[0m
[32m2024-06-05 16:49:59 - INFO: Recent already in database - Mittelmeer - for User: spotifyyanik[0m
[32m2024-06-05 16:49:59 - INFO: Recent already in database - Punto - for User: spotifyyanik[0m
[32m2024-06-05 16:49:59 - INFO: Recent already in database - Go Flex - for User: spotifyyanik[0m
[32m2024-06-05 16:49:59 - INFO: Recent already in database - Go Flex - for User: spotifyyanik[0m
[32m2024-06-05 16:49:59 - INFO: Recent already in database - Fieber - for User: spotifyyanik[0m
[32m2024-06-05 16:49:59 - INFO: Recent already in database - MillionÃ¤r - for User: spotifyyanik[0m
[32m2024-06-05 16:49:59 - INFO: Recent already in database - BLUEBERRY YUM YUM - for User: spotifyyanik[0m
[32m2024-06-05 16:49:59 - INFO: Recent already in database - Verschwendete Zeit - for User: spotifyyanik[0m
[32m2024-06-05 16:50:00 - INFO: Recent already in database - wie du manchmal fehlst - for User: spotifyyanik[0m
[32m2024-06-06 17:51:42 - INFO: [31m[1mWARNING: This is a development server. Do not use it in a production deployment. Use a production WSGI server instead.[0m
 * Running on http://127.0.0.1:5000[0m
[32m2024-06-06 17:51:42 - INFO: [33mPress CTRL+C to quit[0m
[32m2024-06-06 17:51:42 - INFO:  * Restarting with stat[0m
[33m2024-06-06 17:51:42 - WARNING:  * Debugger is active![0m
[32m2024-06-06 17:51:42 - INFO:  * Debugger PIN: 516-213-283[0m
[32m2024-06-06 17:53:51 - INFO: Active users retrieved successfully - 1[0m
[32m2024-06-06 17:53:51 - INFO: Recent inserted successfully - Geschichte - for User: spotifyyanik[0m
[32m2024-06-06 17:53:51 - INFO: Recent inserted successfully - 9 bis 9 - for User: spotifyyanik[0m
[32m2024-06-06 17:53:52 - INFO: Recent inserted successfully - Jung & dumm - for User: spotifyyanik[0m
[32m2024-06-06 17:53:52 - INFO: Recent inserted successfully - Hauseingang - for User: spotifyyanik[0m
[32m2024-06-06 17:53:52 - INFO: Recent inserted successfully - AVRIL LAVIGNE - for User: spotifyyanik[0m
[32m2024-06-06 17:53:52 - INFO: Recent inserted successfully - Cripwalks (with Pashanim & Monk) - for User: spotifyyanik[0m
[32m2024-06-06 17:53:52 - INFO: Recent inserted successfully - Perfekt (feat. Sofiane) - for User: spotifyyanik[0m
[32m2024-06-06 17:53:52 - INFO: Recent inserted successfully - Right Round - for User: spotifyyanik[0m
[32m2024-06-06 17:53:52 - INFO: Recent inserted successfully - Ysl - for User: spotifyyanik[0m
[32m2024-06-06 17:53:52 - INFO: Recent inserted successfully - Dankbarkeit - for User: spotifyyanik[0m
[32m2024-06-06 17:53:52 - INFO: Recent already in database - CL500 - for User: spotifyyanik[0m
[32m2024-06-06 17:53:52 - INFO: Recent already in database - Avant - for User: spotifyyanik[0m
[32m2024-06-06 17:53:53 - INFO: Recent already in database - AugenmaÃŸ (feat. Pashanim) - for User: spotifyyanik[0m
[32m2024-06-06 17:53:53 - INFO: Recent already in database - Mittelmeer - for User: spotifyyanik[0m
[32m2024-06-06 17:53:53 - INFO: Recent already in database - Go Flex - for User: spotifyyanik[0m
[32m2024-06-06 17:53:53 - INFO: Recent already in database - Punto - for User: spotifyyanik[0m
[32m2024-06-06 17:53:53 - INFO: Recent already in database - Evergreen - for User: spotifyyanik[0m
[32m2024-06-06 17:53:53 - INFO: Recent already in database - BIRDS OF A FEATHER - for User: spotifyyanik[0m
[32m2024-06-06 17:53:53 - INFO: Recent already in database - Mittelmeer - for User: spotifyyanik[0m
[32m2024-06-06 17:53:53 - INFO: Recent already in database - Tempo - for User: spotifyyanik[0m
[32m2024-06-06 17:53:53 - INFO: Recent already in database - Notice Me - for User: spotifyyanik[0m
[32m2024-06-06 17:53:54 - INFO: Recent already in database - Snow (Hey Oh) - for User: spotifyyanik[0m
[32m2024-06-06 17:53:54 - INFO: Recent already in database - DurstlÃ¶scher - for User: spotifyyanik[0m
[32m2024-06-06 17:53:54 - INFO: Recent already in database - HaifischNikez Allstars - for User: spotifyyanik[0m
[32m2024-06-06 17:53:54 - INFO: Recent already in database - Cotton Candy Sky - for User: spotifyyanik[0m
[32m2024-06-06 17:53:54 - INFO: Recent already in database - petit frÃ¨re - for User: spotifyyanik[0m
[32m2024-06-06 17:53:54 - INFO: Recent already in database - MÃ©lodie - for User: spotifyyanik[0m
[32m2024-06-06 17:53:54 - INFO: Recent already in database - MillionÃ¤r - for User: spotifyyanik[0m
[32m2024-06-06 17:53:54 - INFO: Recent already in database - Verschwendete Zeit - for User: spotifyyanik[0m
[32m2024-06-06 17:53:55 - INFO: Recent already in database - Onizuka - for User: spotifyyanik[0m
[32m2024-06-06 17:53:55 - INFO: Recent already in database - wie du manchmal fehlst - for User: spotifyyanik[0m
[32m2024-06-06 17:53:55 - INFO: Recent already in database - BLUEBERRY YUM YUM - for User: spotifyyanik[0m
[32m2024-06-06 17:53:55 - INFO: Recent already in database - Sommergewitter - for User: spotifyyanik[0m
[32m2024-06-06 17:53:55 - INFO: Recent already in database - Fieber - for User: spotifyyanik[0m
[32m2024-06-06 17:53:55 - INFO: Recent already in database - Go Flex - for User: spotifyyanik[0m
[32m2024-06-06 17:53:55 - INFO: Recent already in database - SURVIE - for User: spotifyyanik[0m
[32m2024-06-06 17:53:55 - INFO: Recent already in database - HINTERM BLOCK - for User: spotifyyanik[0m
[32m2024-06-06 17:53:55 - INFO: Recent already in database - Go Flex - for User: spotifyyanik[0m
[32m2024-06-06 17:53:56 - INFO: Recent already in database - Mittelmeer - for User: spotifyyanik[0m
[32m2024-06-06 17:53:56 - INFO: Recent already in database - Congratulations - for User: spotifyyanik[0m
[32m2024-06-06 17:53:56 - INFO: Recent already in database - Quevedo: Bzrp Music Sessions, Vol. 52 - for User: spotifyyanik[0m
[32m2024-06-06 17:53:56 - INFO: Recent already in database - Lieder - for User: spotifyyanik[0m
[32m2024-06-06 17:53:56 - INFO: Recent already in database - Cardio - for User: spotifyyanik[0m
[32m2024-06-06 17:53:56 - INFO: Recent already in database - Flasche Luft - for User: spotifyyanik[0m
[32m2024-06-06 17:53:56 - INFO: Recent already in database - OLYMPIA - for User: spotifyyanik[0m
[32m2024-06-06 17:53:56 - INFO: Recent already in database - Toto (feat. RAF Camora) - for User: spotifyyanik[0m
[32m2024-06-06 17:53:56 - INFO: Recent already in database - Spacecar - for User: spotifyyanik[0m
[32m2024-06-06 17:53:57 - INFO: Recent already in database - mietfrei - for User: spotifyyanik[0m
[32m2024-06-06 17:53:57 - INFO: Recent already in database - SURVIE - for User: spotifyyanik[0m
[32m2024-06-06 17:53:57 - INFO: Recent already in database - Mittelmeer - for User: spotifyyanik[0m
[32m2024-06-07 07:00:08 - INFO: Active users retrieved successfully - 1[0m
[32m2024-06-07 07:00:08 - INFO: Incomplete tracks retrieved successfully - 1[0m
[32m2024-06-07 07:01:57 - INFO: Active users retrieved successfully - 1[0m
[32m2024-06-07 07:01:57 - INFO: Incomplete tracks retrieved successfully - 1[0m
[33m2024-06-07 07:01:57 - WARNING: Rate limited. Retrying after 30 seconds[0m
[32m2024-06-07 07:03:29 - INFO: Active users retrieved successfully - 1[0m
[32m2024-06-07 07:03:39 - INFO: Active users retrieved successfully - 1[0m
[31m2024-06-07 07:04:42 - ERROR: Exception on /api/auth/callback [GET][0m
Traceback (most recent call last):
  File "/usr/local/lib/python3.8/site-packages/spotipy/oauth2.py", line 578, in refresh_access_token
    response.raise_for_status()
  File "/usr/local/lib/python3.8/site-packages/requests/models.py", line 1024, in raise_for_status
    raise HTTPError(http_error_msg, response=self)
requests.exceptions.HTTPError: 400 Client Error: Bad Request for url: https://accounts.spotify.com/api/token

During handling of the above exception, another exception occurred:

Traceback (most recent call last):
  File "/usr/local/lib/python3.8/site-packages/flask/app.py", line 1473, in wsgi_app
    response = self.full_dispatch_request()
  File "/usr/local/lib/python3.8/site-packages/flask/app.py", line 882, in full_dispatch_request
    rv = self.handle_user_exception(e)
  File "/usr/local/lib/python3.8/site-packages/flask/app.py", line 880, in full_dispatch_request
    rv = self.dispatch_request()
  File "/usr/local/lib/python3.8/site-packages/flask/app.py", line 865, in dispatch_request
    return self.ensure_sync(self.view_functions[rule.endpoint])(**view_args)  # type: ignore[no-any-return]
  File "/app/app/routes/auth.py", line 20, in callback
    token_info = spotify_service.get_access_token(code)
  File "/app/app/services/spotify_service.py", line 16, in get_access_token
    return self.auth_manager.get_access_token(code)
  File "/usr/local/lib/python3.8/site-packages/spotipy/oauth2.py", line 515, in get_access_token
    token_info = self.validate_token(self.cache_handler.get_cached_token())
  File "/usr/local/lib/python3.8/site-packages/spotipy/oauth2.py", line 371, in validate_token
    token_info = self.refresh_access_token(
  File "/usr/local/lib/python3.8/site-packages/spotipy/oauth2.py", line 586, in refresh_access_token
    self._handle_oauth_error(http_error)
  File "/usr/local/lib/python3.8/site-packages/spotipy/oauth2.py", line 139, in _handle_oauth_error
    raise SpotifyOauthError(
spotipy.oauth2.SpotifyOauthError: error: invalid_client, error_description: Invalid client
[31m2024-06-07 07:05:04 - ERROR: Exception on /api/auth/callback [GET][0m
Traceback (most recent call last):
  File "/usr/local/lib/python3.8/site-packages/spotipy/oauth2.py", line 578, in refresh_access_token
    response.raise_for_status()
  File "/usr/local/lib/python3.8/site-packages/requests/models.py", line 1024, in raise_for_status
    raise HTTPError(http_error_msg, response=self)
requests.exceptions.HTTPError: 400 Client Error: Bad Request for url: https://accounts.spotify.com/api/token

During handling of the above exception, another exception occurred:

Traceback (most recent call last):
  File "/usr/local/lib/python3.8/site-packages/flask/app.py", line 1473, in wsgi_app
    response = self.full_dispatch_request()
  File "/usr/local/lib/python3.8/site-packages/flask/app.py", line 882, in full_dispatch_request
    rv = self.handle_user_exception(e)
  File "/usr/local/lib/python3.8/site-packages/flask/app.py", line 880, in full_dispatch_request
    rv = self.dispatch_request()
  File "/usr/local/lib/python3.8/site-packages/flask/app.py", line 865, in dispatch_request
    return self.ensure_sync(self.view_functions[rule.endpoint])(**view_args)  # type: ignore[no-any-return]
  File "/app/app/routes/auth.py", line 20, in callback
    token_info = spotify_service.get_access_token(code)
  File "/app/app/services/spotify_service.py", line 16, in get_access_token
    return self.auth_manager.get_access_token(code)
  File "/usr/local/lib/python3.8/site-packages/spotipy/oauth2.py", line 515, in get_access_token
    token_info = self.validate_token(self.cache_handler.get_cached_token())
  File "/usr/local/lib/python3.8/site-packages/spotipy/oauth2.py", line 371, in validate_token
    token_info = self.refresh_access_token(
  File "/usr/local/lib/python3.8/site-packages/spotipy/oauth2.py", line 586, in refresh_access_token
    self._handle_oauth_error(http_error)
  File "/usr/local/lib/python3.8/site-packages/spotipy/oauth2.py", line 139, in _handle_oauth_error
    raise SpotifyOauthError(
spotipy.oauth2.SpotifyOauthError: error: invalid_client, error_description: Invalid client
[31m2024-06-07 07:05:05 - ERROR: Exception on /api/auth/callback [GET][0m
Traceback (most recent call last):
  File "/usr/local/lib/python3.8/site-packages/spotipy/oauth2.py", line 578, in refresh_access_token
    response.raise_for_status()
  File "/usr/local/lib/python3.8/site-packages/requests/models.py", line 1024, in raise_for_status
    raise HTTPError(http_error_msg, response=self)
requests.exceptions.HTTPError: 400 Client Error: Bad Request for url: https://accounts.spotify.com/api/token

During handling of the above exception, another exception occurred:

Traceback (most recent call last):
  File "/usr/local/lib/python3.8/site-packages/flask/app.py", line 1473, in wsgi_app
    response = self.full_dispatch_request()
  File "/usr/local/lib/python3.8/site-packages/flask/app.py", line 882, in full_dispatch_request
    rv = self.handle_user_exception(e)
  File "/usr/local/lib/python3.8/site-packages/flask/app.py", line 880, in full_dispatch_request
    rv = self.dispatch_request()
  File "/usr/local/lib/python3.8/site-packages/flask/app.py", line 865, in dispatch_request
    return self.ensure_sync(self.view_functions[rule.endpoint])(**view_args)  # type: ignore[no-any-return]
  File "/app/app/routes/auth.py", line 20, in callback
    token_info = spotify_service.get_access_token(code)
  File "/app/app/services/spotify_service.py", line 16, in get_access_token
    return self.auth_manager.get_access_token(code)
  File "/usr/local/lib/python3.8/site-packages/spotipy/oauth2.py", line 515, in get_access_token
    token_info = self.validate_token(self.cache_handler.get_cached_token())
  File "/usr/local/lib/python3.8/site-packages/spotipy/oauth2.py", line 371, in validate_token
    token_info = self.refresh_access_token(
  File "/usr/local/lib/python3.8/site-packages/spotipy/oauth2.py", line 586, in refresh_access_token
    self._handle_oauth_error(http_error)
  File "/usr/local/lib/python3.8/site-packages/spotipy/oauth2.py", line 139, in _handle_oauth_error
    raise SpotifyOauthError(
spotipy.oauth2.SpotifyOauthError: error: invalid_client, error_description: Invalid client
[31m2024-06-07 07:06:08 - ERROR: Exception on /api/auth/callback [GET][0m
Traceback (most recent call last):
  File "/usr/local/lib/python3.8/site-packages/spotipy/oauth2.py", line 578, in refresh_access_token
    response.raise_for_status()
  File "/usr/local/lib/python3.8/site-packages/requests/models.py", line 1024, in raise_for_status
    raise HTTPError(http_error_msg, response=self)
requests.exceptions.HTTPError: 400 Client Error: Bad Request for url: https://accounts.spotify.com/api/token

During handling of the above exception, another exception occurred:

Traceback (most recent call last):
  File "/usr/local/lib/python3.8/site-packages/flask/app.py", line 1473, in wsgi_app
    response = self.full_dispatch_request()
  File "/usr/local/lib/python3.8/site-packages/flask/app.py", line 882, in full_dispatch_request
    rv = self.handle_user_exception(e)
  File "/usr/local/lib/python3.8/site-packages/flask/app.py", line 880, in full_dispatch_request
    rv = self.dispatch_request()
  File "/usr/local/lib/python3.8/site-packages/flask/app.py", line 865, in dispatch_request
    return self.ensure_sync(self.view_functions[rule.endpoint])(**view_args)  # type: ignore[no-any-return]
  File "/app/app/routes/auth.py", line 20, in callback
    token_info = spotify_service.get_access_token(code)
  File "/app/app/services/spotify_service.py", line 16, in get_access_token
    return self.auth_manager.get_access_token(code)
  File "/usr/local/lib/python3.8/site-packages/spotipy/oauth2.py", line 515, in get_access_token
    token_info = self.validate_token(self.cache_handler.get_cached_token())
  File "/usr/local/lib/python3.8/site-packages/spotipy/oauth2.py", line 371, in validate_token
    token_info = self.refresh_access_token(
  File "/usr/local/lib/python3.8/site-packages/spotipy/oauth2.py", line 586, in refresh_access_token
    self._handle_oauth_error(http_error)
  File "/usr/local/lib/python3.8/site-packages/spotipy/oauth2.py", line 139, in _handle_oauth_error
    raise SpotifyOauthError(
spotipy.oauth2.SpotifyOauthError: error: invalid_client, error_description: Invalid client
[32m2024-06-08 15:51:54 - INFO: User inserted/updated successfully - spotifyyanik[0m
[32m2024-06-08 15:54:42 - INFO: User inserted/updated successfully - spotifyyanik[0m
[32m2024-06-08 15:54:57 - INFO: User inserted/updated successfully - spotifyyanik[0m
[32m2024-06-08 15:55:29 - INFO: User inserted/updated successfully - spotifyyanik[0m
[32m2024-06-08 15:56:41 - INFO: User inserted/updated successfully - spotifyyanik[0m
[32m2024-06-08 15:57:00 - INFO: User inserted/updated successfully - spotifyyanik[0m
[32m2024-06-08 15:57:01 - INFO: User inserted/updated successfully - spotifyyanik[0m
[32m2024-06-08 15:57:01 - INFO: User inserted/updated successfully - spotifyyanik[0m
[32m2024-06-08 15:57:02 - INFO: User inserted/updated successfully - spotifyyanik[0m
[32m2024-06-08 15:57:02 - INFO: User inserted/updated successfully - spotifyyanik[0m
[32m2024-06-08 15:57:03 - INFO: User inserted/updated successfully - spotifyyanik[0m
[32m2024-06-08 15:57:03 - INFO: User inserted/updated successfully - spotifyyanik[0m
[32m2024-06-08 15:57:04 - INFO: User inserted/updated successfully - spotifyyanik[0m
[32m2024-06-08 15:57:04 - INFO: User inserted/updated successfully - spotifyyanik[0m
[32m2024-06-08 15:57:05 - INFO: User inserted/updated successfully - spotifyyanik[0m
[32m2024-06-08 15:57:06 - INFO: User inserted/updated successfully - spotifyyanik[0m
[32m2024-06-08 15:57:06 - INFO: User inserted/updated successfully - spotifyyanik[0m
[32m2024-06-08 15:57:07 - INFO: User inserted/updated successfully - spotifyyanik[0m
[32m2024-06-08 15:57:41 - INFO: User inserted/updated successfully - spotifyyanik[0m
[32m2024-06-08 15:57:41 - INFO: User inserted/updated successfully - spotifyyanik[0m
[32m2024-06-08 15:57:42 - INFO: User inserted/updated successfully - spotifyyanik[0m
[32m2024-06-08 15:57:42 - INFO: User inserted/updated successfully - spotifyyanik[0m
[32m2024-06-08 15:57:43 - INFO: User inserted/updated successfully - spotifyyanik[0m
[32m2024-06-08 15:57:43 - INFO: User inserted/updated successfully - spotifyyanik[0m
[32m2024-06-08 15:57:44 - INFO: User inserted/updated successfully - spotifyyanik[0m
[32m2024-06-08 15:57:44 - INFO: User inserted/updated successfully - spotifyyanik[0m
[32m2024-06-08 15:57:45 - INFO: User inserted/updated successfully - spotifyyanik[0m
[32m2024-06-08 15:59:36 - INFO: User inserted/updated successfully - spotifyyanik[0m
[31m2024-06-09 14:18:49 - ERROR: Error in get_topmix_exceptions: 'id'[0m
[32m2024-06-09 14:19:35 - INFO: Exceptions retrieved successfully - 2[0m
[31m2024-06-09 14:19:35 - ERROR: Error in get_listened_to: '>' not supported between instances of 'list' and 'int'[0m
